<?xml version="1.0" encoding="UTF-8"?>
<!-- Generated by org.testng.reporters.JUnitReportReporter -->
<testsuite hostname="DESKTOP-KVOUA9J" failures="0" tests="2" name="Stanalone.HomePageTestCases" time="4.462" errors="0" timestamp="2023-10-10T23:47:40 IST" skipped="0">
  <testcase classname="Stanalone.HomePageTestCases" name="secondTest" time="3.882"/>
  <system-out/>
  <testcase classname="Stanalone.HomePageTestCases" name="secondTest" time="0.580"/>
  <system-out/>
</testsuite> <!-- Stanalone.HomePageTestCases -->
