<?xml version="1.0" encoding="UTF-8"?>
<!-- Generated by org.testng.reporters.JUnitReportReporter -->
<testsuite hostname="DESKTOP-KVOUA9J" failures="0" tests="1" name="Stanalone.FirstTest" time="4.672" errors="0" timestamp="2023-10-10T23:05:24 IST" skipped="0">
  <testcase classname="Stanalone.FirstTest" name="test2" time="4.672"/>
  <system-out/>
</testsuite> <!-- Stanalone.FirstTest -->
