<?xml version="1.0" encoding="UTF-8"?>
<!-- Generated by org.testng.reporters.JUnitReportReporter -->
<testsuite hostname="DESKTOP-KVOUA9J" failures="0" tests="1" name="Stanalone.HomePageTestCases" time="4.776" errors="0" timestamp="2023-09-29T00:01:31 IST" skipped="0">
  <testcase classname="Stanalone.HomePageTestCases" name="firstTest" time="4.776"/>
  <system-out/>
</testsuite> <!-- Stanalone.HomePageTestCases -->
