<?xml version="1.0" encoding="UTF-8"?>
<!-- Generated by org.testng.reporters.JUnitReportReporter -->
<testsuite hostname="DESKTOP-KVOUA9J" failures="0" tests="1" name="Stanalone.FirstTest" time="4.711" errors="0" timestamp="2023-06-26T01:36:53 IST" skipped="0">
  <testcase classname="Stanalone.FirstTest" name="test1" time="4.711"/>
  <system-out/>
</testsuite> <!-- Stanalone.FirstTest -->
